{"level":"info","time":"2021-12-06T17:55:43+04:00","message":"hello"}
{"level":"error","time":"2021-12-06T17:55:43+04:00","message":"error occur"}
{"level":"error","error":"error info","time":"2021-12-06T17:55:43+04:00"}
{"level":"info","time":"2021-12-06T17:55:57+04:00","message":"hello"}
{"level":"error","time":"2021-12-06T17:55:57+04:00","message":"error occur"}
{"level":"error","error":"error info","time":"2021-12-06T17:55:57+04:00"}
{"level":"info","time":"2021-12-06T17:56:14+04:00","message":"hello"}
{"level":"error","time":"2021-12-06T17:56:14+04:00","message":"error occur"}
{"level":"error","stack":"goroutine 6 [running]:\nruntime/debug.Stack()\n\t/usr/local/go/src/runtime/debug/stack.go:24 +0x65\ngithub.com/daqiancode/lex.init.0.func1({0xc00006c8b0, 0x0})\n\t/Users/daqian.zhang/projects/go/lex/logs.go:15 +0x19\ngithub.com/rs/zerolog.(*Event).Err(0xc00008c3c0, {0x116d2e0, 0xc00006c8b0})\n\t/Users/daqian.zhang/go/pkg/mod/github.com/rs/zerolog@v1.25.0/event.go:368 +0x63\ngithub.com/daqiancode/lex_test.TestRollingLog(0x0)\n\t/Users/daqian.zhang/projects/go/lex/logs_test.go:15 +0x170\ntesting.tRunner(0xc0000a2d00, 0x114afa8)\n\t/usr/local/go/src/testing/testing.go:1259 +0x102\ncreated by testing.(*T).Run\n\t/usr/local/go/src/testing/testing.go:1306 +0x35a\n","error":"error info","time":"2021-12-06T17:56:14+04:00"}
{"level":"info","time":"2021-12-06T17:56:39+04:00","message":"hello"}
{"level":"error","time":"2021-12-06T17:56:39+04:00","message":"error occur"}
{"level":"error","stack":"goroutine 19 [running]:\nruntime/debug.Stack()\n\t/usr/local/go/src/runtime/debug/stack.go:24 +0x65\ngithub.com/daqiancode/lex.init.0.func1({0xc0001929e0, 0x0})\n\t/Users/daqian.zhang/projects/go/lex/logs.go:15 +0x19\ngithub.com/rs/zerolog.(*Event).Err(0xc00019e360, {0x11855a0, 0xc0001929e0})\n\t/Users/daqian.zhang/go/pkg/mod/github.com/rs/zerolog@v1.25.0/event.go:368 +0x63\ngithub.com/daqiancode/lex_test.TestRollingLog(0x0)\n\t/Users/daqian.zhang/projects/go/lex/logs_test.go:15 +0x205\ntesting.tRunner(0xc0001876c0, 0x1160b20)\n\t/usr/local/go/src/testing/testing.go:1259 +0x102\ncreated by testing.(*T).Run\n\t/usr/local/go/src/testing/testing.go:1306 +0x35a\n","error":"error info","time":"2021-12-06T17:56:39+04:00"}
{"level":"info","time":"2021-12-06T17:56:57+04:00","message":"hello"}
{"level":"error","time":"2021-12-06T17:56:57+04:00","message":"error occur"}
{"level":"error","stack":"goroutine 35 [running]:\nruntime/debug.Stack()\n\t/usr/local/go/src/runtime/debug/stack.go:24 +0x65\ngithub.com/daqiancode/lex.init.0.func1({0xc0001928a0, 0x0})\n\t/Users/daqian.zhang/projects/go/lex/logs.go:15 +0x19\ngithub.com/rs/zerolog.(*Event).Err(0xc00019e360, {0x116d320, 0xc0001928a0})\n\t/Users/daqian.zhang/go/pkg/mod/github.com/rs/zerolog@v1.25.0/event.go:368 +0x63\ngithub.com/daqiancode/lex_test.TestRollingLog(0x0)\n\t/Users/daqian.zhang/projects/go/lex/logs_test.go:16 +0x1a5\ntesting.tRunner(0xc0001876c0, 0x114afe8)\n\t/usr/local/go/src/testing/testing.go:1259 +0x102\ncreated by testing.(*T).Run\n\t/usr/local/go/src/testing/testing.go:1306 +0x35a\n","error":"error info","time":"2021-12-06T17:56:57+04:00"}
{"level":"info","time":"2021-12-06T17:57:37+04:00","message":"hello"}
{"level":"error","time":"2021-12-06T17:57:37+04:00","message":"error occur"}
{"level":"error","stack":"goroutine 6 [running]:\nruntime/debug.Stack()\n\t/usr/local/go/src/runtime/debug/stack.go:24 +0x65\ngithub.com/daqiancode/lex.init.0.func1({0xc00006c8b0, 0x0})\n\t/Users/daqian.zhang/projects/go/lex/logs.go:15 +0x19\ngithub.com/rs/zerolog.(*Event).Err(0xc00008c3c0, {0x116d400, 0xc00006c8b0})\n\t/Users/daqian.zhang/go/pkg/mod/github.com/rs/zerolog@v1.25.0/event.go:368 +0x63\ngithub.com/daqiancode/lex_test.TestRollingLog(0x0)\n\t/Users/daqian.zhang/projects/go/lex/logs_test.go:17 +0x265\ntesting.tRunner(0xc0000a2d00, 0x114b0b0)\n\t/usr/local/go/src/testing/testing.go:1259 +0x102\ncreated by testing.(*T).Run\n\t/usr/local/go/src/testing/testing.go:1306 +0x35a\n","error":"error info","time":"2021-12-06T17:57:37+04:00"}
{"level":"info","app":"lex","time":"2021-12-06T17:58:06+04:00","message":"hello"}
{"level":"error","app":"lex","time":"2021-12-06T17:58:06+04:00","message":"error occur"}
{"level":"error","app":"lex","stack":"goroutine 19 [running]:\nruntime/debug.Stack()\n\t/usr/local/go/src/runtime/debug/stack.go:24 +0x65\ngithub.com/daqiancode/lex.init.0.func1({0xc0001188a0, 0x0})\n\t/Users/daqian.zhang/projects/go/lex/logs.go:15 +0x19\ngithub.com/rs/zerolog.(*Event).Err(0xc000124360, {0x116d420, 0xc0001188a0})\n\t/Users/daqian.zhang/go/pkg/mod/github.com/rs/zerolog@v1.25.0/event.go:368 +0x63\ngithub.com/daqiancode/lex_test.TestRollingLog(0x0)\n\t/Users/daqian.zhang/projects/go/lex/logs_test.go:17 +0x265\ntesting.tRunner(0xc000103860, 0x114b0d0)\n\t/usr/local/go/src/testing/testing.go:1259 +0x102\ncreated by testing.(*T).Run\n\t/usr/local/go/src/testing/testing.go:1306 +0x35a\n","error":"error info","time":"2021-12-06T17:58:06+04:00"}
{"level":"info","app":"lex","time":"2021-12-06T18:02:39+04:00","message":"hello"}
{"level":"error","app":"lex","time":"2021-12-06T18:02:39+04:00","message":"error occur"}
{"level":"error","app":"lex","stack":"goroutine 21 [running]:\nruntime/debug.Stack()\n\t/usr/local/go/src/runtime/debug/stack.go:24 +0x65\ngithub.com/daqiancode/lex.init.0.func1({0xc0001208d0, 0x0})\n\t/Users/daqian.zhang/projects/go/lex/logs.go:16 +0x19\ngithub.com/rs/zerolog.(*Event).Err(0xc0001123c0, {0x116f0c0, 0xc0001208d0})\n\t/Users/daqian.zhang/go/pkg/mod/github.com/rs/zerolog@v1.25.0/event.go:368 +0x63\ngithub.com/daqiancode/lex_test.TestRollingLog(0x0)\n\t/Users/daqian.zhang/projects/go/lex/logs_test.go:19 +0x2c5\ntesting.tRunner(0xc00017a000, 0x114cbc8)\n\t/usr/local/go/src/testing/testing.go:1259 +0x102\ncreated by testing.(*T).Run\n\t/usr/local/go/src/testing/testing.go:1306 +0x35a\n","error":"error info","time":"2021-12-06T18:02:39+04:00"}
{"level":"info","app":"lex","time":"2021-12-06T18:04:54+04:00","message":"hello"}
{"level":"error","app":"lex","time":"2021-12-06T18:04:54+04:00","message":"error occur"}
{"level":"error","app":"lex","stack":"goroutine 21 [running]:\nruntime/debug.Stack()\n\t/usr/local/go/src/runtime/debug/stack.go:24 +0x65\ngithub.com/daqiancode/lex.init.0.func1({0xc0001208d0, 0x0})\n\t/Users/daqian.zhang/projects/go/lex/logs.go:15 +0x19\ngithub.com/rs/zerolog.(*Event).Err(0xc0001123c0, {0x116f0c0, 0xc0001208d0})\n\t/Users/daqian.zhang/go/pkg/mod/github.com/rs/zerolog@v1.25.0/event.go:368 +0x63\ngithub.com/daqiancode/lex_test.TestRollingLog(0x0)\n\t/Users/daqian.zhang/projects/go/lex/logs_test.go:19 +0x2c5\ntesting.tRunner(0xc000103a00, 0x114cbc8)\n\t/usr/local/go/src/testing/testing.go:1259 +0x102\ncreated by testing.(*T).Run\n\t/usr/local/go/src/testing/testing.go:1306 +0x35a\n","error":"error info","time":"2021-12-06T18:04:54+04:00"}
